2026-03-21 11:59:59 [INFO]: Starting Binance Signals Bot MVP... {"metadata":{}}
2026-03-21 11:59:59 [INFO]: Scan Worker started {"metadata":{}}
2026-03-21 11:59:59 [INFO]: Refreshing universe (Top-N symbols by 24h volume)... {"metadata":{}}
2026-03-21 11:59:59 [INFO]: Universe updated. Top 30 symbols loaded. {"metadata":{}}
2026-03-21 11:59:59 [INFO]: Scanning 30 symbols... {"metadata":{}}
2026-03-21 12:00:24 [ERROR]: Failed to send Telegram message {"metadata":{"error":"EFATAL: Error: read ECONNRESET"}}
2026-03-21 12:00:44 [ERROR]: Failed to send Telegram message {"metadata":{"error":"EFATAL: Error: read ECONNRESET"}}
2026-03-21 12:01:15 [WARN]: [getKlines(RIVERUSDT/5m)] attempt 1/3 failed: aborted (status: N/A) {"metadata":{}}
2026-03-21 12:01:15 [INFO]: [getKlines(RIVERUSDT/5m)] retrying in 2000ms... {"metadata":{}}
2026-03-21 12:05:11 [INFO]: Starting Binance Signals Bot MVP... {"metadata":{}}
2026-03-21 12:05:11 [INFO]: Scan Worker started {"metadata":{}}
2026-03-21 12:05:11 [INFO]: Refreshing universe (Top-N symbols by 24h volume)... {"metadata":{}}
2026-03-21 12:05:42 [WARN]: [get24hTicker] attempt 1/3 failed: aborted (status: N/A) {"metadata":{}}
2026-03-21 12:05:42 [INFO]: [get24hTicker] retrying in 2000ms... {"metadata":{}}
2026-03-21 12:05:47 [INFO]: Universe updated. Top 30 symbols loaded. {"metadata":{}}
2026-03-21 12:05:47 [INFO]: Scanning 30 symbols... {"metadata":{}}
2026-03-21 12:06:20 [WARN]: [getKlines(ALPACAUSDT/15m)] attempt 1/3 failed: timeout of 30000ms exceeded (status: N/A) {"metadata":{}}
2026-03-21 12:06:20 [INFO]: [getKlines(ALPACAUSDT/15m)] retrying in 2000ms... {"metadata":{}}
2026-03-21 12:11:27 [INFO]: Starting Binance Signals Bot MVP... {"metadata":{}}
2026-03-21 12:11:27 [INFO]: Scan Worker started {"metadata":{}}
2026-03-21 12:11:27 [INFO]: Refreshing universe (Top-N symbols by 24h volume)... {"metadata":{}}
2026-03-21 12:12:00 [WARN]: [get24hTicker] attempt 1/3 failed: aborted (status: N/A) {"metadata":{}}
2026-03-21 12:12:00 [INFO]: [get24hTicker] retrying in 2000ms... {"metadata":{}}
2026-03-21 12:12:06 [INFO]: Universe updated. Top 30 symbols loaded. {"metadata":{}}
2026-03-21 12:12:06 [INFO]: Scanning 30 symbols... {"metadata":{}}
2026-03-21 12:12:30 [ERROR]: Failed to send Telegram message {"metadata":{"error":"EFATAL: Error: read ECONNRESET"}}
2026-03-21 12:13:01 [WARN]: [getKlines(HYPEUSDT/5m)] attempt 1/3 failed: timeout of 30000ms exceeded (status: N/A) {"metadata":{}}
2026-03-21 12:13:01 [INFO]: [getKlines(HYPEUSDT/5m)] retrying in 2000ms... {"metadata":{}}
2026-03-21 12:14:14 [INFO]: Starting Binance Signals Bot MVP... {"metadata":{}}
2026-03-21 12:14:14 [INFO]: Scan Worker started {"metadata":{}}
2026-03-21 12:14:14 [INFO]: Refreshing universe (Top-N symbols by 24h volume)... {"metadata":{}}
2026-03-21 12:14:14 [INFO]: Universe updated. Top 30 symbols loaded. {"metadata":{}}
2026-03-21 12:14:14 [INFO]: Scanning 30 symbols... {"metadata":{}}
2026-03-21 12:14:17 [ERROR]: Failed to send Telegram message {"metadata":{"error":"EPARSE: Error parsing response: <!DOCTYPE HTML PUBLIC \"-//IETF//DTD HTML 2.0//EN\">\n<html><head>\n<title>404 Not Found</title>\n</head><body>\n<h1>Not Found</h1>\n<p>The requested URL /orig/bot/bot8649252610:AAEjNPQoYk83tz_Z9bEis2qdemL5HydPINM/sendMessage was not found on this server.</p>\n</body></html>\n"}}
2026-03-21 12:14:18 [ERROR]: Failed to send Telegram message {"metadata":{"error":"EPARSE: Error parsing response: <!DOCTYPE HTML PUBLIC \"-//IETF//DTD HTML 2.0//EN\">\n<html><head>\n<title>404 Not Found</title>\n</head><body>\n<h1>Not Found</h1>\n<p>The requested URL /orig/bot/bot8649252610:AAEjNPQoYk83tz_Z9bEis2qdemL5HydPINM/sendMessage was not found on this server.</p>\n</body></html>\n"}}
2026-03-21 12:14:19 [ERROR]: Failed to send Telegram message {"metadata":{"error":"EPARSE: Error parsing response: <!DOCTYPE HTML PUBLIC \"-//IETF//DTD HTML 2.0//EN\">\n<html><head>\n<title>404 Not Found</title>\n</head><body>\n<h1>Not Found</h1>\n<p>The requested URL /orig/bot/bot8649252610:AAEjNPQoYk83tz_Z9bEis2qdemL5HydPINM/sendMessage was not found on this server.</p>\n</body></html>\n"}}
2026-03-21 12:14:20 [ERROR]: Failed to send Telegram message {"metadata":{"error":"EPARSE: Error parsing response: <!DOCTYPE HTML PUBLIC \"-//IETF//DTD HTML 2.0//EN\">\n<html><head>\n<title>404 Not Found</title>\n</head><body>\n<h1>Not Found</h1>\n<p>The requested URL /orig/bot/bot8649252610:AAEjNPQoYk83tz_Z9bEis2qdemL5HydPINM/sendMessage was not found on this server.</p>\n</body></html>\n"}}
2026-03-21 12:14:20 [ERROR]: Failed to send Telegram message {"metadata":{"error":"EPARSE: Error parsing response: <!DOCTYPE HTML PUBLIC \"-//IETF//DTD HTML 2.0//EN\">\n<html><head>\n<title>404 Not Found</title>\n</head><body>\n<h1>Not Found</h1>\n<p>The requested URL /orig/bot/bot8649252610:AAEjNPQoYk83tz_Z9bEis2qdemL5HydPINM/sendMessage was not found on this server.</p>\n</body></html>\n"}}
2026-03-21 12:14:20 [ERROR]: Failed to send Telegram message {"metadata":{"error":"EPARSE: Error parsing response: <!DOCTYPE HTML PUBLIC \"-//IETF//DTD HTML 2.0//EN\">\n<html><head>\n<title>404 Not Found</title>\n</head><body>\n<h1>Not Found</h1>\n<p>The requested URL /orig/bot/bot8649252610:AAEjNPQoYk83tz_Z9bEis2qdemL5HydPINM/sendMessage was not found on this server.</p>\n</body></html>\n"}}
2026-03-21 12:14:21 [ERROR]: Failed to send Telegram message {"metadata":{"error":"EPARSE: Error parsing response: <!DOCTYPE HTML PUBLIC \"-//IETF//DTD HTML 2.0//EN\">\n<html><head>\n<title>404 Not Found</title>\n</head><body>\n<h1>Not Found</h1>\n<p>The requested URL /orig/bot/bot8649252610:AAEjNPQoYk83tz_Z9bEis2qdemL5HydPINM/sendMessage was not found on this server.</p>\n</body></html>\n"}}
2026-03-21 12:14:21 [ERROR]: Failed to send Telegram message {"metadata":{"error":"EPARSE: Error parsing response: <!DOCTYPE HTML PUBLIC \"-//IETF//DTD HTML 2.0//EN\">\n<html><head>\n<title>404 Not Found</title>\n</head><body>\n<h1>Not Found</h1>\n<p>The requested URL /orig/bot/bot8649252610:AAEjNPQoYk83tz_Z9bEis2qdemL5HydPINM/sendMessage was not found on this server.</p>\n</body></html>\n"}}
2026-03-21 12:14:24 [INFO]: Scan complete. {"metadata":{}}
2026-03-21 12:17:55 [INFO]: Starting Binance Signals Bot MVP... {"metadata":{}}
2026-03-21 12:17:55 [INFO]: Scan Worker started {"metadata":{}}
2026-03-21 12:17:55 [INFO]: Refreshing universe (Top-N symbols by 24h volume)... {"metadata":{}}
2026-03-21 12:18:25 [WARN]: [get24hTicker] attempt 1/3 failed: aborted (status: N/A) {"metadata":{}}
2026-03-21 12:18:25 [INFO]: [get24hTicker] retrying in 2000ms... {"metadata":{}}
2026-03-21 12:19:03 [INFO]: Starting Binance Signals Bot MVP... {"metadata":{}}
2026-03-21 12:19:03 [INFO]: Scan Worker started {"metadata":{}}
2026-03-21 12:19:03 [INFO]: Refreshing universe (Top-N symbols by 24h volume)... {"metadata":{}}
2026-03-21 12:19:03 [INFO]: Universe updated. Top 30 symbols loaded. {"metadata":{}}
2026-03-21 12:19:03 [INFO]: Scanning 30 symbols... {"metadata":{}}
2026-03-21 12:19:04 [ERROR]: Failed to send Telegram message {"metadata":{"error":"EFATAL: Error: tunneling socket could not be established, statusCode=400"}}
2026-03-21 12:19:26 [INFO]: Starting Binance Signals Bot MVP... {"metadata":{}}
2026-03-21 12:19:26 [INFO]: Scan Worker started {"metadata":{}}
2026-03-21 12:19:26 [INFO]: Refreshing universe (Top-N symbols by 24h volume)... {"metadata":{}}
2026-03-21 12:19:56 [WARN]: [get24hTicker] attempt 1/3 failed: aborted (status: N/A) {"metadata":{}}
2026-03-21 12:19:56 [INFO]: [get24hTicker] retrying in 2000ms... {"metadata":{}}
2026-03-21 12:19:59 [INFO]: Universe updated. Top 30 symbols loaded. {"metadata":{}}
2026-03-21 12:19:59 [INFO]: Scanning 30 symbols... {"metadata":{}}
2026-03-21 12:20:00 [ERROR]: Failed to send Telegram message {"metadata":{"error":"EFATAL: Error: tunneling socket could not be established, cause=write EPROTO 94660000:error:0A000410:SSL routines:ssl3_read_bytes:ssl/tls alert handshake failure:openssl\\ssl\\record\\rec_layer_s3.c:916:SSL alert number 40\n"}}
2026-03-21 12:20:00 [ERROR]: Failed to send Telegram message {"metadata":{"error":"EFATAL: Error: tunneling socket could not be established, cause=write EPROTO 94660000:error:0A000410:SSL routines:ssl3_read_bytes:ssl/tls alert handshake failure:openssl\\ssl\\record\\rec_layer_s3.c:916:SSL alert number 40\n"}}
2026-03-21 23:48:19 [INFO]: Starting Binance Signals Bot MVP... {"metadata":{}}
2026-03-21 23:48:19 [INFO]: Scan Worker started {"metadata":{}}
2026-03-21 23:48:19 [INFO]: Refreshing universe (Top-N symbols by 24h volume)... {"metadata":{}}
2026-03-21 23:48:20 [INFO]: Universe updated. Top 30 symbols loaded. {"metadata":{}}
2026-03-21 23:48:20 [INFO]: Scanning 30 symbols... {"metadata":{}}
2026-03-21 23:48:21 [ERROR]: Failed to send Telegram message {"metadata":{"error":"EFATAL: Error: tunneling socket could not be established, cause=write EPROTO A4160000:error:0A000410:SSL routines:ssl3_read_bytes:ssl/tls alert handshake failure:openssl\\ssl\\record\\rec_layer_s3.c:916:SSL alert number 40\n"}}
2026-03-21 23:48:21 [ERROR]: Failed to send Telegram message {"metadata":{"error":"EFATAL: Error: tunneling socket could not be established, cause=write EPROTO A4160000:error:0A000410:SSL routines:ssl3_read_bytes:ssl/tls alert handshake failure:openssl\\ssl\\record\\rec_layer_s3.c:916:SSL alert number 40\n"}}
2026-03-21 23:48:48 [INFO]: Starting Binance Signals Bot MVP... {"metadata":{}}
2026-03-21 23:48:48 [INFO]: Scan Worker started {"metadata":{}}
2026-03-21 23:48:48 [INFO]: Refreshing universe (Top-N symbols by 24h volume)... {"metadata":{}}
2026-03-21 23:48:49 [INFO]: Universe updated. Top 30 symbols loaded. {"metadata":{}}
2026-03-21 23:48:49 [INFO]: Scanning 30 symbols... {"metadata":{}}
